<?xml version="1.0" encoding="UTF-8"?>
<!-- Generated by org.testng.reporters.JUnitReportReporter -->
<testsuite hostname="Rajitha6303" failures="0" tests="1" name="Virtusa.MobileFramework.TC_002_ErrorValidations" time="17.168" errors="0" timestamp="2024-08-25T11:02:04 IST" skipped="0">
  <testcase classname="Virtusa.MobileFramework.TC_002_ErrorValidations" name="errorValidation" time="17.168"/>
</testsuite> <!-- Virtusa.MobileFramework.TC_002_ErrorValidations -->
