<?xml version="1.0" encoding="UTF-8"?>
<!-- Generated by org.testng.reporters.JUnitReportReporter -->
<testsuite hostname="Rajitha6303" failures="0" tests="1" name="Virtusa.MobileFramework.TC_001_FormClass" time="58.790" errors="0" timestamp="2024-08-25T11:02:04 IST" skipped="0">
  <testcase classname="Virtusa.MobileFramework.TC_001_FormClass" name="formpagevalidation" time="58.790"/>
</testsuite> <!-- Virtusa.MobileFramework.TC_001_FormClass -->
